<?xml version="1.0" encoding="UTF-8"?>
<!-- Generated by org.testng.reporters.JUnitReportReporter -->
<testsuite hostname="obapat-mbp" name="com.auction.ipad.tests.LoginTest" tests="1" failures="0" timestamp="21 Jul 2014 05:05:36 GMT" time="39.996" errors="0">
  <testcase name="signInUsingValidCredentials" time="39.996" classname="com.auction.ipad.tests.LoginTest"/>
</testsuite> <!-- com.auction.ipad.tests.LoginTest -->
